# JRE version: Java(TM) SE Runtime Environment (8.0_144-b01) (build 1.8.0_144-b01)
# Java VM: Java HotSpot(TM) 64-Bit Server VM (25.144-b01 mixed mode bsd-amd64 compressed oops)
Heap:
 PSYoungGen      total 48128K, used 24929K [0x0000000795580000, 0x0000000798b00000, 0x00000007c0000000)
  eden space 43008K, 46% used [0x0000000795580000,0x00000007968df7f0,0x0000000797f80000)
  from space 5120K, 99% used [0x0000000798600000,0x0000000798af8ec8,0x0000000798b00000)
  to   space 5120K, 0% used [0x0000000798100000,0x0000000798100000,0x0000000798600000)
 ParOldGen       total 67072K, used 16968K [0x0000000740000000, 0x0000000744180000, 0x0000000795580000)
  object space 67072K, 25% used [0x0000000740000000,0x00000007410922c8,0x0000000744180000)
 Metaspace       used 31423K, capacity 33518K, committed 33712K, reserved 1079296K
  class space    used 4306K, capacity 4662K, committed 4784K, reserved 1048576K
GC Heap History (10 events):
Event: 1.309 GC heap before
{Heap before GC invocations=1 (full 0):
 PSYoungGen      total 38400K, used 33280K [0x0000000795580000, 0x0000000798000000, 0x00000007c0000000)
  eden space 33280K, 100% used [0x0000000795580000,0x0000000797600000,0x0000000797600000)
  from space 5120K, 0% used [0x0000000797b00000,0x0000000797b00000,0x0000000798000000)
  to   space 5120K, 0% used [0x0000000797600000,0x0000000797600000,0x0000000797b00000)
 ParOldGen       total 87552K, used 0K [0x0000000740000000, 0x0000000745580000, 0x0000000795580000)
  object space 87552K, 0% used [0x0000000740000000,0x0000000740000000,0x0000000745580000)
 Metaspace       used 18719K, capacity 19622K, committed 19712K, reserved 1067008K
  class space    used 2638K, capacity 2813K, committed 2816K, reserved 1048576K
Event: 1.315 GC heap after
Heap after GC invocations=1 (full 0):
 PSYoungGen      total 38400K, used 5101K [0x0000000795580000, 0x0000000798000000, 0x00000007c0000000)
  eden space 33280K, 0% used [0x0000000795580000,0x0000000795580000,0x0000000797600000)
  from space 5120K, 99% used [0x0000000797600000,0x0000000797afb428,0x0000000797b00000)
  to   space 5120K, 0% used [0x0000000797b00000,0x0000000797b00000,0x0000000798000000)
 ParOldGen       total 87552K, used 240K [0x0000000740000000, 0x0000000745580000, 0x0000000795580000)
  object space 87552K, 0% used [0x0000000740000000,0x000000074003c010,0x0000000745580000)
 Metaspace       used 18719K, capacity 19622K, committed 19712K, reserved 1067008K
  class space    used 2638K, capacity 2813K, committed 2816K, reserved 1048576K
}
Event: 1.742 GC heap before
{Heap before GC invocations=2 (full 0):
 PSYoungGen      total 38400K, used 27570K [0x0000000795580000, 0x0000000798000000, 0x00000007c0000000)
  eden space 33280K, 67% used [0x0000000795580000,0x0000000796b71568,0x0000000797600000)
  from space 5120K, 99% used [0x0000000797600000,0x0000000797afb428,0x0000000797b00000)
  to   space 5120K, 0% used [0x0000000797b00000,0x0000000797b00000,0x0000000798000000)
 ParOldGen       total 87552K, used 240K [0x0000000740000000, 0x0000000745580000, 0x0000000795580000)
  object space 87552K, 0% used [0x0000000740000000,0x000000074003c010,0x0000000745580000)
 Metaspace       used 20203K, capacity 21202K, committed 21296K, reserved 1067008K
  class space    used 2847K, capacity 3077K, committed 3120K, reserved 1048576K
Event: 1.748 GC heap after
Heap after GC invocations=2 (full 0):
 PSYoungGen      total 38400K, used 5103K [0x0000000795580000, 0x0000000798000000, 0x00000007c0000000)
  eden space 33280K, 0% used [0x0000000795580000,0x0000000795580000,0x0000000797600000)
  from space 5120K, 99% used [0x0000000797b00000,0x0000000797ffbd98,0x0000000798000000)
  to   space 5120K, 0% used [0x0000000797600000,0x0000000797600000,0x0000000797b00000)
 ParOldGen       total 87552K, used 3131K [0x0000000740000000, 0x0000000745580000, 0x0000000795580000)
  object space 87552K, 3% used [0x0000000740000000,0x000000074030ef30,0x0000000745580000)
 Metaspace       used 20203K, capacity 21202K, committed 21296K, reserved 1067008K
  class space    used 2847K, capacity 3077K, committed 3120K, reserved 1048576K
}
Event: 1.749 GC heap before
{Heap before GC invocations=3 (full 1):
 PSYoungGen      total 38400K, used 5103K [0x0000000795580000, 0x0000000798000000, 0x00000007c0000000)
  eden space 33280K, 0% used [0x0000000795580000,0x0000000795580000,0x0000000797600000)
  from space 5120K, 99% used [0x0000000797b00000,0x0000000797ffbd98,0x0000000798000000)
  to   space 5120K, 0% used [0x0000000797600000,0x0000000797600000,0x0000000797b00000)
 ParOldGen       total 87552K, used 3131K [0x0000000740000000, 0x0000000745580000, 0x0000000795580000)
  object space 87552K, 3% used [0x0000000740000000,0x000000074030ef30,0x0000000745580000)
 Metaspace       used 20203K, capacity 21202K, committed 21296K, reserved 1067008K
  class space    used 2847K, capacity 3077K, committed 3120K, reserved 1048576K
Event: 1.778 GC heap after
Heap after GC invocations=3 (full 1):
 PSYoungGen      total 38400K, used 0K [0x0000000795580000, 0x0000000798000000, 0x00000007c0000000)
  eden space 33280K, 0% used [0x0000000795580000,0x0000000795580000,0x0000000797600000)
  from space 5120K, 0% used [0x0000000797b00000,0x0000000797b00000,0x0000000798000000)
  to   space 5120K, 0% used [0x0000000797600000,0x0000000797600000,0x0000000797b00000)
 ParOldGen       total 67072K, used 8046K [0x0000000740000000, 0x0000000744180000, 0x0000000795580000)
  object space 67072K, 11% used [0x0000000740000000,0x00000007407dbbc0,0x0000000744180000)
 Metaspace       used 20203K, capacity 21202K, committed 21296K, reserved 1067008K
  class space    used 2847K, capacity 3077K, committed 3120K, reserved 1048576K
}
Event: 3.130 GC heap before
{Heap before GC invocations=4 (full 1):
 PSYoungGen      total 38400K, used 33280K [0x0000000795580000, 0x0000000798000000, 0x00000007c0000000)
  eden space 33280K, 100% used [0x0000000795580000,0x0000000797600000,0x0000000797600000)
  from space 5120K, 0% used [0x0000000797b00000,0x0000000797b00000,0x0000000798000000)
  to   space 5120K, 0% used [0x0000000797600000,0x0000000797600000,0x0000000797b00000)
 ParOldGen       total 67072K, used 8046K [0x0000000740000000, 0x0000000744180000, 0x0000000795580000)
  object space 67072K, 11% used [0x0000000740000000,0x00000007407dbbc0,0x0000000744180000)
 Metaspace       used 23762K, capacity 25522K, committed 25648K, reserved 1071104K
  class space    used 3466K, capacity 3773K, committed 3888K, reserved 1048576K
Event: 3.139 GC heap after
Heap after GC invocations=4 (full 1):
 PSYoungGen      total 38400K, used 5095K [0x0000000795580000, 0x0000000798b00000, 0x00000007c0000000)
  eden space 33280K, 0% used [0x0000000795580000,0x0000000795580000,0x0000000797600000)
  from space 5120K, 99% used [0x0000000797600000,0x0000000797af9ec8,0x0000000797b00000)
  to   space 5120K, 0% used [0x0000000798600000,0x0000000798600000,0x0000000798b00000)
 ParOldGen       total 67072K, used 11675K [0x0000000740000000, 0x0000000744180000, 0x0000000795580000)
  object space 67072K, 17% used [0x0000000740000000,0x0000000740b66da0,0x0000000744180000)
 Metaspace       used 23762K, capacity 25522K, committed 25648K, reserved 1071104K
  class space    used 3466K, capacity 3773K, committed 3888K, reserved 1048576K
}
Event: 11.217 GC heap before
{Heap before GC invocations=5 (full 1):
 PSYoungGen      total 38400K, used 38375K [0x0000000795580000, 0x0000000798b00000, 0x00000007c0000000)
  eden space 33280K, 100% used [0x0000000795580000,0x0000000797600000,0x0000000797600000)
  from space 5120K, 99% used [0x0000000797600000,0x0000000797af9ec8,0x0000000797b00000)
  to   space 5120K, 0% used [0x0000000798600000,0x0000000798600000,0x0000000798b00000)
 ParOldGen       total 67072K, used 11675K [0x0000000740000000, 0x0000000744180000, 0x0000000795580000)
  object space 67072K, 17% used [0x0000000740000000,0x0000000740b66da0,0x0000000744180000)
 Metaspace       used 27815K, capacity 29834K, committed 29872K, reserved 1075200K
  class space    used 3925K, capacity 4262K, committed 4272K, reserved 1048576K
Event: 11.235 GC heap after
Heap after GC invocations=5 (full 1):
 PSYoungGen      total 48128K, used 5091K [0x0000000795580000, 0x0000000798b00000, 0x00000007c0000000)
  eden space 43008K, 0% used [0x0000000795580000,0x0000000795580000,0x0000000797f80000)
  from space 5120K, 99% used [0x0000000798600000,0x0000000798af8ec8,0x0000000798b00000)
  to   space 5120K, 0% used [0x0000000798100000,0x0000000798100000,0x0000000798600000)
 ParOldGen       total 67072K, used 16968K [0x0000000740000000, 0x0000000744180000, 0x0000000795580000)
  object space 67072K, 25% used [0x0000000740000000,0x00000007410922c8,0x0000000744180000)
 Metaspace       used 27815K, capacity 29834K, committed 29872K, reserved 1075200K
  class space    used 3925K, capacity 4262K, committed 4272K, reserved 1048576K
}

