# JRE version: Java(TM) SE Runtime Environment (8.0_144-b01) (build 1.8.0_144-b01)
# Java VM: Java HotSpot(TM) 64-Bit Server VM (25.144-b01 mixed mode bsd-amd64 compressed oops)
Heap:
 PSYoungGen      total 51200K, used 22845K [0x0000000795580000, 0x0000000798c80000, 0x00000007c0000000)
  eden space 46080K, 38% used [0x0000000795580000,0x00000007966d1838,0x0000000798280000)
  from space 5120K, 99% used [0x0000000798780000,0x0000000798c7dec8,0x0000000798c80000)
  to   space 5120K, 0% used [0x0000000798280000,0x0000000798280000,0x0000000798780000)
 ParOldGen       total 64000K, used 18369K [0x0000000740000000, 0x0000000743e80000, 0x0000000795580000)
  object space 64000K, 28% used [0x0000000740000000,0x00000007411f0570,0x0000000743e80000)
 Metaspace       used 31182K, capacity 33216K, committed 33456K, reserved 1077248K
  class space    used 4304K, capacity 4661K, committed 4784K, reserved 1048576K
GC Heap History (10 events):
Event: 1.169 GC heap before
{Heap before GC invocations=1 (full 0):
 PSYoungGen      total 38400K, used 33280K [0x0000000795580000, 0x0000000798000000, 0x00000007c0000000)
  eden space 33280K, 100% used [0x0000000795580000,0x0000000797600000,0x0000000797600000)
  from space 5120K, 0% used [0x0000000797b00000,0x0000000797b00000,0x0000000798000000)
  to   space 5120K, 0% used [0x0000000797600000,0x0000000797600000,0x0000000797b00000)
 ParOldGen       total 87552K, used 0K [0x0000000740000000, 0x0000000745580000, 0x0000000795580000)
  object space 87552K, 0% used [0x0000000740000000,0x0000000740000000,0x0000000745580000)
 Metaspace       used 18759K, capacity 19670K, committed 19968K, reserved 1067008K
  class space    used 2639K, capacity 2813K, committed 2816K, reserved 1048576K
Event: 1.178 GC heap after
Heap after GC invocations=1 (full 0):
 PSYoungGen      total 38400K, used 5105K [0x0000000795580000, 0x0000000798000000, 0x00000007c0000000)
  eden space 33280K, 0% used [0x0000000795580000,0x0000000795580000,0x0000000797600000)
  from space 5120K, 99% used [0x0000000797600000,0x0000000797afc590,0x0000000797b00000)
  to   space 5120K, 0% used [0x0000000797b00000,0x0000000797b00000,0x0000000798000000)
 ParOldGen       total 87552K, used 416K [0x0000000740000000, 0x0000000745580000, 0x0000000795580000)
  object space 87552K, 0% used [0x0000000740000000,0x0000000740068010,0x0000000745580000)
 Metaspace       used 18759K, capacity 19670K, committed 19968K, reserved 1067008K
  class space    used 2639K, capacity 2813K, committed 2816K, reserved 1048576K
}
Event: 1.577 GC heap before
{Heap before GC invocations=2 (full 0):
 PSYoungGen      total 38400K, used 27418K [0x0000000795580000, 0x0000000798000000, 0x00000007c0000000)
  eden space 33280K, 67% used [0x0000000795580000,0x0000000796b4a578,0x0000000797600000)
  from space 5120K, 99% used [0x0000000797600000,0x0000000797afc590,0x0000000797b00000)
  to   space 5120K, 0% used [0x0000000797b00000,0x0000000797b00000,0x0000000798000000)
 ParOldGen       total 87552K, used 416K [0x0000000740000000, 0x0000000745580000, 0x0000000795580000)
  object space 87552K, 0% used [0x0000000740000000,0x0000000740068010,0x0000000745580000)
 Metaspace       used 20232K, capacity 21246K, committed 21296K, reserved 1067008K
  class space    used 2846K, capacity 3077K, committed 3120K, reserved 1048576K
Event: 1.584 GC heap after
Heap after GC invocations=2 (full 0):
 PSYoungGen      total 38400K, used 5107K [0x0000000795580000, 0x000000079a080000, 0x00000007c0000000)
  eden space 33280K, 0% used [0x0000000795580000,0x0000000795580000,0x0000000797600000)
  from space 5120K, 99% used [0x0000000797b00000,0x0000000797ffce40,0x0000000798000000)
  to   space 5120K, 0% used [0x0000000797600000,0x0000000797600000,0x0000000797b00000)
 ParOldGen       total 87552K, used 3134K [0x0000000740000000, 0x0000000745580000, 0x0000000795580000)
  object space 87552K, 3% used [0x0000000740000000,0x000000074030fae8,0x0000000745580000)
 Metaspace       used 20232K, capacity 21246K, committed 21296K, reserved 1067008K
  class space    used 2846K, capacity 3077K, committed 3120K, reserved 1048576K
}
Event: 1.584 GC heap before
{Heap before GC invocations=3 (full 1):
 PSYoungGen      total 38400K, used 5107K [0x0000000795580000, 0x000000079a080000, 0x00000007c0000000)
  eden space 33280K, 0% used [0x0000000795580000,0x0000000795580000,0x0000000797600000)
  from space 5120K, 99% used [0x0000000797b00000,0x0000000797ffce40,0x0000000798000000)
  to   space 5120K, 0% used [0x0000000797600000,0x0000000797600000,0x0000000797b00000)
 ParOldGen       total 87552K, used 3134K [0x0000000740000000, 0x0000000745580000, 0x0000000795580000)
  object space 87552K, 3% used [0x0000000740000000,0x000000074030fae8,0x0000000745580000)
 Metaspace       used 20232K, capacity 21246K, committed 21296K, reserved 1067008K
  class space    used 2846K, capacity 3077K, committed 3120K, reserved 1048576K
Event: 1.610 GC heap after
Heap after GC invocations=3 (full 1):
 PSYoungGen      total 38400K, used 0K [0x0000000795580000, 0x000000079a080000, 0x00000007c0000000)
  eden space 33280K, 0% used [0x0000000795580000,0x0000000795580000,0x0000000797600000)
  from space 5120K, 0% used [0x0000000797b00000,0x0000000797b00000,0x0000000798000000)
  to   space 5120K, 0% used [0x0000000797600000,0x0000000797600000,0x0000000797b00000)
 ParOldGen       total 64000K, used 8049K [0x0000000740000000, 0x0000000743e80000, 0x0000000795580000)
  object space 64000K, 12% used [0x0000000740000000,0x00000007407dc6d0,0x0000000743e80000)
 Metaspace       used 20232K, capacity 21246K, committed 21296K, reserved 1067008K
  class space    used 2846K, capacity 3077K, committed 3120K, reserved 1048576K
}
Event: 3.459 GC heap before
{Heap before GC invocations=4 (full 1):
 PSYoungGen      total 38400K, used 33280K [0x0000000795580000, 0x000000079a080000, 0x00000007c0000000)
  eden space 33280K, 100% used [0x0000000795580000,0x0000000797600000,0x0000000797600000)
  from space 5120K, 0% used [0x0000000797b00000,0x0000000797b00000,0x0000000798000000)
  to   space 5120K, 0% used [0x0000000797600000,0x0000000797600000,0x0000000797b00000)
 ParOldGen       total 64000K, used 8049K [0x0000000740000000, 0x0000000743e80000, 0x0000000795580000)
  object space 64000K, 12% used [0x0000000740000000,0x00000007407dc6d0,0x0000000743e80000)
 Metaspace       used 23782K, capacity 25502K, committed 25648K, reserved 1071104K
  class space    used 3466K, capacity 3773K, committed 3888K, reserved 1048576K
Event: 3.466 GC heap after
Heap after GC invocations=4 (full 1):
 PSYoungGen      total 38400K, used 5104K [0x0000000795580000, 0x0000000798c80000, 0x00000007c0000000)
  eden space 33280K, 0% used [0x0000000795580000,0x0000000795580000,0x0000000797600000)
  from space 5120K, 99% used [0x0000000797600000,0x0000000797afc010,0x0000000797b00000)
  to   space 5120K, 0% used [0x0000000798780000,0x0000000798780000,0x0000000798c80000)
 ParOldGen       total 64000K, used 11669K [0x0000000740000000, 0x0000000743e80000, 0x0000000795580000)
  object space 64000K, 18% used [0x0000000740000000,0x0000000740b65768,0x0000000743e80000)
 Metaspace       used 23782K, capacity 25502K, committed 25648K, reserved 1071104K
  class space    used 3466K, capacity 3773K, committed 3888K, reserved 1048576K
}
Event: 6.713 GC heap before
{Heap before GC invocations=5 (full 1):
 PSYoungGen      total 38400K, used 38384K [0x0000000795580000, 0x0000000798c80000, 0x00000007c0000000)
  eden space 33280K, 100% used [0x0000000795580000,0x0000000797600000,0x0000000797600000)
  from space 5120K, 99% used [0x0000000797600000,0x0000000797afc010,0x0000000797b00000)
  to   space 5120K, 0% used [0x0000000798780000,0x0000000798780000,0x0000000798c80000)
 ParOldGen       total 64000K, used 11669K [0x0000000740000000, 0x0000000743e80000, 0x0000000795580000)
  object space 64000K, 18% used [0x0000000740000000,0x0000000740b65768,0x0000000743e80000)
 Metaspace       used 28152K, capacity 30198K, committed 30512K, reserved 1075200K
  class space    used 3981K, capacity 4328K, committed 4400K, reserved 1048576K
Event: 6.743 GC heap after
Heap after GC invocations=5 (full 1):
 PSYoungGen      total 51200K, used 5111K [0x0000000795580000, 0x0000000798c80000, 0x00000007c0000000)
  eden space 46080K, 0% used [0x0000000795580000,0x0000000795580000,0x0000000798280000)
  from space 5120K, 99% used [0x0000000798780000,0x0000000798c7dec8,0x0000000798c80000)
  to   space 5120K, 0% used [0x0000000798280000,0x0000000798280000,0x0000000798780000)
 ParOldGen       total 64000K, used 18369K [0x0000000740000000, 0x0000000743e80000, 0x0000000795580000)
  object space 64000K, 28% used [0x0000000740000000,0x00000007411f0570,0x0000000743e80000)
 Metaspace       used 28152K, capacity 30198K, committed 30512K, reserved 1075200K
  class space    used 3981K, capacity 4328K, committed 4400K, reserved 1048576K
}

